<?xml version="1.0" encoding="UTF-8"?>
<!-- Generated by org.testng.reporters.JUnitReportReporter -->
<testsuite hostname="TTPL-LNV-0131" failures="0" tests="1" name="test.Test_Login" time="9.488" errors="0" timestamp="2025-11-24T17:49:14 IST" skipped="0">
  <testcase classname="test.Test_Login" name="teamConnectLogin" time="9.488"/>
  <system-out>
    <![CDATA[Finding element using: xpath:-://input[@id='username']
Finding element, try0 with locator:xpath:-://input[@id='username']
Finding element using: xpath:-://input[@id='password']
Finding element, try0 with locator:xpath:-://input[@id='password']
Finding element using: name:-:submit
Finding element, try0 with locator:name:-:submit]]>
  </system-out>
</testsuite> <!-- test.Test_Login -->
